🚀 SQLMAP ishga tushirilmoqda: python tools/sqlmap/sqlmap.py -u https://my-courses.uz
⏰ Vaqt: 2025-08-30 21:01:42
==================================================
___
__H__
___ ___["]_____ ___ ___  {1.9.7.7#dev}
|_ -| . [']     | .'| . |
|___|_  [']_|_|_|__,|  _|
|_|V...       |_|   https://sqlmap.org

[!] legal disclaimer: Usage of sqlmap for attacking targets without prior mutual consent is illegal. It is the end user's responsibility to obey all applicable local, state and federal laws. Developers assume no liability and are not responsible for any misuse or damage caused by this program

[*] starting @ 21:01:43 /2025-08-30/

[21:01:44] [INFO] testing connection to the target URL
you have not declared cookie(s), while server wants to set its own ('XSRF-TOKEN=eyJpdiI6Imx...IjoiIn0%3D;laravel_session=eyJpdiI6Imw...IjoiIn0%3D'). Do you want to use those [Y/n]

[21:01:49] [ERROR] user quit

[*] ending @ 21:01:49 /2025-08-30/


___
__H__
___ ___["]_____ ___ ___  {1.9.7.7#dev}
|_ -| . [']     | .'| . |
|___|_  [']_|_|_|__,|  _|
|_|V...       |_|   https://sqlmap.org

[!] legal disclaimer: Usage of sqlmap for attacking targets without prior mutual consent is illegal. It is the end user's responsibility to obey all applicable local, state and federal laws. Developers assume no liability and are not responsible for any misuse or damage caused by this program

[*] starting @ 21:01:43 /2025-08-30/

[21:01:44] [INFO] testing connection to the target URL
you have not declared cookie(s), while server wants to set its own ('XSRF-TOKEN=eyJpdiI6Imx...IjoiIn0%3D;laravel_session=eyJpdiI6Imw...IjoiIn0%3D'). Do you want to use those [Y/n]

[21:01:49] [ERROR] user quit

[*] ending @ 21:01:49 /2025-08-30/
❌ Xatolik: name 'stderr' is not defined
